<?xml version="1.0" encoding="UTF-8"?>
<testng-results ignored="0" total="1" passed="1" failed="0" skipped="0">
  <reporter-output>
  </reporter-output>
  <suite started-at="2023-10-09T19:48:51 IST" name="Default suite" finished-at="2023-10-09T19:48:54 IST" duration-ms="2720">
    <groups>
    </groups>
    <test started-at="2023-10-09T19:48:51 IST" name="Default test" finished-at="2023-10-09T19:48:54 IST" duration-ms="2720">
      <class name="com.qa.tests.PostAPITest">
        <test-method is-config="true" signature="setUp()[pri:0, instance:com.qa.tests.PostAPITest@1af2d44a]" started-at="2023-10-09T19:48:51 IST" name="setUp" finished-at="2023-10-09T19:48:51 IST" duration-ms="8" status="PASS">
          <reporter-output>
          </reporter-output>
        </test-method> <!-- setUp -->
        <test-method signature="postAPITest()[pri:0, instance:com.qa.tests.PostAPITest@1af2d44a]" started-at="2023-10-09T19:48:51 IST" name="postAPITest" finished-at="2023-10-09T19:48:54 IST" duration-ms="2669" status="PASS">
          <reporter-output>
          </reporter-output>
        </test-method> <!-- postAPITest -->
      </class> <!-- com.qa.tests.PostAPITest -->
    </test> <!-- Default test -->
  </suite> <!-- Default suite -->
</testng-results>
